<?xml version="1.0" encoding="UTF-8"?>
<!-- Generated by org.testng.reporters.JUnitReportReporter -->
<testsuite hostname="Eidita" failures="0" tests="1" name="com.facebook.loginTests.LoginTest" time="17.178" errors="0" timestamp="2023-10-07T12:18:26 EDT" skipped="0">
  <testcase classname="com.facebook.loginTests.LoginTest" name="loginTest" time="17.178"/>
  <system-out/>
</testsuite> <!-- com.facebook.loginTests.LoginTest -->
